<?xml version="1.0" encoding="UTF-8"?>
<!-- Generated by org.testng.reporters.JUnitXMLReporter -->
<testsuite ignored="0" hostname="LAPTOP-3BML8FHO" failures="0" tests="4" name="Default test" time="86.366" errors="0" timestamp="2025-09-28T16:56:18 IST">
  <testcase classname="test.TestNewRegestration" name="NewRegestration" time="10.033"/>
  <testcase classname="test.TestNewRegestration" name="leaveMandetoryFieldsBlank" time="0.813"/>
  <testcase classname="test.TestNewRegestration" name="signupwithout_TC_Check" time="1.961"/>
  <testcase classname="test.TestNewRegestration" name="signupwithWeakPassword" time="2.568"/>
</testsuite> <!-- Default test -->
